
Build Step
Tue Jul 17 00:32:01 UTC 2018
Already up-to-date.
Checking HelloWorld.c ...
1/3 files checked 33% done
Checking main.c ...
2/3 files checked 66% done
Checking simple.c ...
3/3 files checked 100% done
Hello, World! Seungwoo
Hello, World! Seungwoo
[master cc9e5d9] EC2 Cron
 Committer: EC2 Default User <ec2-user@ip-172-31-23-174.us-west-2.compute.internal>
Your name and email address were configured automatically based
on your username and hostname. Please check that they are accurate.
You can suppress this message by setting them explicitly. Run the
following command and follow the instructions in your editor to edit
your configuration file:

    git config --global --edit

After doing this, you may fix the identity used for this commit with:

    git commit --amend --reset-author

 1 file changed, 11 insertions(+)
fatal: could not read Username for 'https://github.com': No such device or address
Build Step
Tue Jul 17 00:33:01 UTC 2018
Already up-to-date.
Checking HelloWorld.c ...
1/3 files checked 33% done
Checking main.c ...
2/3 files checked 66% done
Checking simple.c ...
3/3 files checked 100% done
Hello, World! Seungwoo
Hello, World! Seungwoo
[master 12169ff] EC2 Cron
 Committer: EC2 Default User <ec2-user@ip-172-31-23-174.us-west-2.compute.internal>
Your name and email address were configured automatically based
on your username and hostname. Please check that they are accurate.
You can suppress this message by setting them explicitly. Run the
following command and follow the instructions in your editor to edit
your configuration file:

    git config --global --edit

After doing this, you may fix the identity used for this commit with:

    git commit --amend --reset-author

 1 file changed, 27 insertions(+)
fatal: could not read Username for 'https://github.com': No such device or address
Build Step
Tue Jul 17 00:34:01 UTC 2018
Already up-to-date.
Checking HelloWorld.c ...
1/3 files checked 33% done
Checking main.c ...
2/3 files checked 66% done
Checking simple.c ...
3/3 files checked 100% done
Hello, World! Seungwoo
Hello, World! Seungwoo
[master 9de0d68] EC2 Cron
 Committer: EC2 Default User <ec2-user@ip-172-31-23-174.us-west-2.compute.internal>
Your name and email address were configured automatically based
on your username and hostname. Please check that they are accurate.
You can suppress this message by setting them explicitly. Run the
following command and follow the instructions in your editor to edit
your configuration file:

    git config --global --edit

After doing this, you may fix the identity used for this commit with:

    git commit --amend --reset-author

 1 file changed, 27 insertions(+)
fatal: could not read Username for 'https://github.com': No such device or address
Build Step
Tue Jul 17 00:35:01 UTC 2018
From https://github.com/spark7677/Cron_Test
   dbd8d0d..9de0d68  master     -> origin/master
Already up-to-date.
Checking HelloWorld.c ...
1/3 files checked 33% done
Checking main.c ...
2/3 files checked 66% done
Checking simple.c ...
3/3 files checked 100% done
Hello, World! Seungwoo
Hello, World! Seungwoo
